<?xml version="1.0" encoding="UTF-8"?>
<robot generator="Robot 3.2.2 (Python 3.8.3 on win32)" generated="20200913 18:07:47.790" rpa="false">
<suite id="s1" name="learningRobotFM" source="E:\robot framework\workspace\learningRobotFM">
<suite id="s1-s1" name="FirstTest" source="E:\robot framework\workspace\learningRobotFM\FirstTest">
<suite id="s1-s1-s1" name="Testsuit1" source="E:\robot framework\workspace\learningRobotFM\FirstTest\Testsuit1.robot">
<test id="s1-s1-s1-t1" name="SimpleListLoginApplication">
<kw name="Open Browser" library="SeleniumLibrary">
<doc>Opens a new browser instance to the optional ``url``.</doc>
<arguments>
<arg>${URL}</arg>
<arg>gc</arg>
</arguments>
<msg timestamp="20200913 18:07:48.218" level="INFO">Opening browser 'gc' to base url 'https://opensource-demo.orangehrmlive.com/'.</msg>
<status status="PASS" starttime="20200913 18:07:48.217" endtime="20200913 18:07:54.625"></status>
</kw>
<kw name="Set Browser Implicit Wait" library="SeleniumLibrary">
<doc>Sets the implicit wait value used by Selenium.</doc>
<arguments>
<arg>3</arg>
</arguments>
<status status="PASS" starttime="20200913 18:07:54.626" endtime="20200913 18:07:54.629"></status>
</kw>
<kw name="LoginApplicationwithList">
<kw name="Input Text" library="SeleniumLibrary">
<doc>Types the given ``text`` into the text field identified by ``locator``.</doc>
<arguments>
<arg>name=txtUsername</arg>
<arg>${credentials}[0]</arg>
</arguments>
<msg timestamp="20200913 18:07:54.631" level="INFO">Typing text 'admin' into text field 'name=txtUsername'.</msg>
<status status="PASS" starttime="20200913 18:07:54.631" endtime="20200913 18:07:54.773"></status>
</kw>
<kw name="Input Password" library="SeleniumLibrary">
<doc>Types the given password into the text field identified by ``locator``.</doc>
<arguments>
<arg>name=txtPassword</arg>
<arg>${credentials}[1]</arg>
</arguments>
<msg timestamp="20200913 18:07:54.774" level="INFO">Typing password into text field 'name=txtPassword'.</msg>
<msg timestamp="20200913 18:07:54.835" level="INFO">Temporally setting log level to: NONE</msg>
<msg timestamp="20200913 18:07:54.898" level="INFO">Log level changed from NONE to INFO.</msg>
<status status="PASS" starttime="20200913 18:07:54.773" endtime="20200913 18:07:54.898"></status>
</kw>
<kw name="Click Button" library="SeleniumLibrary">
<doc>Clicks the button identified by ``locator``.</doc>
<arguments>
<arg>id=btnLogin</arg>
</arguments>
<msg timestamp="20200913 18:07:54.899" level="INFO">Clicking button 'id=btnLogin'.</msg>
<status status="PASS" starttime="20200913 18:07:54.899" endtime="20200913 18:08:00.684"></status>
</kw>
<status status="PASS" starttime="20200913 18:07:54.630" endtime="20200913 18:08:00.685"></status>
</kw>
<kw name="Element Should Be Visible" library="SeleniumLibrary">
<doc>Verifies that the element identified by ``locator`` is visible.</doc>
<arguments>
<arg>id=welcome</arg>
</arguments>
<msg timestamp="20200913 18:08:00.727" level="INFO">Element 'id=welcome' is displayed.</msg>
<status status="PASS" starttime="20200913 18:08:00.686" endtime="20200913 18:08:00.728"></status>
</kw>
<kw name="Element Should Be Visible" library="SeleniumLibrary">
<doc>Verifies that the element identified by ``locator`` is visible.</doc>
<arguments>
<arg>link=Assign Leave</arg>
</arguments>
<msg timestamp="20200913 18:08:00.833" level="INFO">Element 'link=Assign Leave' is displayed.</msg>
<status status="PASS" starttime="20200913 18:08:00.728" endtime="20200913 18:08:00.833"></status>
</kw>
<kw name="Element Should Be Visible" library="SeleniumLibrary">
<doc>Verifies that the element identified by ``locator`` is visible.</doc>
<arguments>
<arg>link=Leave List</arg>
</arguments>
<msg timestamp="20200913 18:08:00.928" level="INFO">Element 'link=Leave List' is displayed.</msg>
<status status="PASS" starttime="20200913 18:08:00.834" endtime="20200913 18:08:00.928"></status>
</kw>
<kw name="Click Link" library="SeleniumLibrary">
<doc>Clicks a link identified by ``locator``.</doc>
<arguments>
<arg>id=welcome</arg>
</arguments>
<msg timestamp="20200913 18:08:00.929" level="INFO">Clicking link 'id=welcome'.</msg>
<status status="PASS" starttime="20200913 18:08:00.929" endtime="20200913 18:08:01.005"></status>
</kw>
<kw name="Click Link" library="SeleniumLibrary">
<doc>Clicks a link identified by ``locator``.</doc>
<arguments>
<arg>link=Logout</arg>
</arguments>
<msg timestamp="20200913 18:08:01.006" level="INFO">Clicking link 'link=Logout'.</msg>
<status status="PASS" starttime="20200913 18:08:01.006" endtime="20200913 18:08:02.388"></status>
</kw>
<kw name="Close Browser" library="SeleniumLibrary">
<doc>Closes the current browser.</doc>
<status status="PASS" starttime="20200913 18:08:02.388" endtime="20200913 18:08:06.321"></status>
</kw>
<tags>
<tag>scalerlogin</tag>
</tags>
<status status="PASS" starttime="20200913 18:07:48.215" endtime="20200913 18:08:06.322" critical="yes"></status>
</test>
<status status="PASS" starttime="20200913 18:07:47.887" endtime="20200913 18:08:06.326"></status>
</suite>
<status status="PASS" starttime="20200913 18:07:47.882" endtime="20200913 18:08:06.337"></status>
</suite>
<status status="PASS" starttime="20200913 18:07:47.838" endtime="20200913 18:08:06.346"></status>
</suite>
<statistics>
<total>
<stat pass="1" fail="0">Critical Tests</stat>
<stat pass="1" fail="0">All Tests</stat>
</total>
<tag>
<stat pass="1" fail="0">scalerlogin</stat>
</tag>
<suite>
<stat pass="1" fail="0" id="s1" name="learningRobotFM">learningRobotFM</stat>
<stat pass="1" fail="0" id="s1-s1" name="FirstTest">learningRobotFM.FirstTest</stat>
<stat pass="1" fail="0" id="s1-s1-s1" name="Testsuit1">learningRobotFM.FirstTest.Testsuit1</stat>
</suite>
</statistics>
<errors>
</errors>
</robot>
